Arguments: 
  /usr/local/bin/node /usr/local/bin/yarn upgrade

PATH: 
  /usr/local/bin/node_modules/.bin:/usr/local/bin:/usr/bin:/bin:/usr/sbin:/sbin:/usr/local/bin/node_modules/.bin:/usr/local/mongodb/bin:/usr/local/mongodb/bin

Yarn version: 
  1.5.1

Node version: 
  8.11.0

Platform: 
  darwin x64

npm manifest: 
  {
      "title": "New Age",
      "name": "startbootstrap-new-age",
      "version": "5.0.0",
      "description": "A one page app landing page HTML theme for Bootstrap.",
      "keywords": [
          "css",
          "sass",
          "html",
          "responsive",
          "theme",
          "template"
      ],
      "homepage": "https://startbootstrap.com/template-overviews/new-age",
      "bugs": {
          "url": "https://github.com/BlackrockDigital/startbootstrap-new-age/issues",
          "email": "feedback@startbootstrap.com"
      },
      "license": "MIT",
      "author": "Start Bootstrap",
      "contributors": [
          "David Miller (http://davidmiller.io/)"
      ],
      "repository": {
          "type": "git",
          "url": "https://github.com/BlackrockDigital/startbootstrap-new-age.git"
      },
      "dependencies": {
          "@fortawesome/fontawesome-free": "5.3.1",
          "bootstrap": "4.1.3",
          "jquery": "3.3.1",
          "jquery.easing": "^1.4.1",
          "simple-line-icons": "2.4.1"
      },
      "devDependencies": {
          "browser-sync": "2.24.7",
          "gulp": "^3.9.1",
          "gulp-autoprefixer": "6.0.0",
          "gulp-clean-css": "3.10.0",
          "gulp-header": "2.0.5",
          "gulp-rename": "1.4.0",
          "gulp-sass": "4.0.1",
          "gulp-uglify": "3.0.1"
      }
  }

yarn manifest: 
  No manifest

Lockfile: 
  No lockfile

Trace: 
  Error: No lockfile in this directory. Run `yarn install` to generate one.
      at new MessageError (/Users/dumasayala/.config/yarn/global/node_modules/yarn/lib/cli.js:186:110)
      at /Users/dumasayala/.config/yarn/global/node_modules/yarn/lib/cli.js:89389:13
      at <anonymous>
